Array
(
)
Array
(
)
Array
(
)
Array
(
)
Array
(
)
Array
(
)
Array
(
)
Array
(
)
Array
(
)
Array
(
)
Array
(
)
Array
(
)
Array
(
)
Array
(
)
Array
(
)
Array
(
)
Array
(
)
Array
(
)
Array
(
)
Array
(
)
Array
(
)
Array
(
)
Array
(
)
Array
(
)
Array
(
)
Array
(
)
Array
(
)
Array
(
    [agent_id] => 100011
    [citizen_mobile] => 01771882876
    [citizen_name] => Morshed
    [application_type] => 16
    [subject] => অনলাইন ভূমি উন্নয়ন কর এর আবেদনের জন্য
    [description] => অনলাইন ভূমি উন্নয়ন কর আবেদনের জন্য কলটি করেছিল 
    [email] => 
    [address] => 
    [division_bbs] => 3
    [district_bbs] => 13
    [upozila_bbs] => 49
    [application_code] => 
    [txtcontact_person_no] => 01771882876
    [nid] => 5076217693
    [dateOfBirth] => 1990-09-30
    [service_tag] => 3
)
Array
(
    [agent_id] => 100011
    [citizen_mobile] => 01771882876
    [citizen_name] => Morshed
    [application_type] => 16
    [subject] => অনলাইন ভূমি উন্নয়ন কর এর আবেদনের জন্য
    [description] => অনলাইন ভূমি উন্নয়ন কর আবেদনের জন্য কলটি করেছিল 
    [email] => 
    [address] => 
    [division_bbs] => 3
    [district_bbs] => 13
    [upozila_bbs] => 49
    [application_code] => 
    [txtcontact_person_no] => 01771882876
    [nid] => 5076217693
    [dateOfBirth] => 1990-09-30
    [service_tag] => 3
)
Array
(
    [agent_id] => 100011
    [citizen_mobile] => 01771882876
    [citizen_name] => Morshed
    [application_type] => 16
    [subject] => অনলাইন ভূমি উন্নয়ন কর এর আবেদনের জন্য
    [description] => অনলাইন ভূমি উন্নয়ন কর আবেদনের জন্য কলটি করেছিল 
    [email] => 
    [address] => 
    [division_bbs] => 3
    [district_bbs] => 13
    [upozila_bbs] => 49
    [application_code] => 
    [txtcontact_person_no] => 01771882876
    [nid] => 5076217693
    [dateOfBirth] => 1990-09-30
    [service_tag] => 3
)
Array
(
    [agent_id] => 100011
    [citizen_mobile] => 01771882876
    [citizen_name] => Morshed
    [application_type] => 16
    [subject] => অনলাইন ভূমি উন্নয়ন কর এর আবেদনের জন্য
    [description] => অনলাইন ভূমি উন্নয়ন কর আবেদনের জন্য কলটি করেছিল 
    [email] => 
    [address] => 
    [division_bbs] => 3
    [district_bbs] => 13
    [upozila_bbs] => 49
    [application_code] => 
    [txtcontact_person_no] => 01771882876
    [nid] => 5076217693
    [dateOfBirth] => 1990-09-30
    [service_tag] => 3
)
Array
(
    [agent_id] => 100011
    [citizen_mobile] => 01771882876
    [citizen_name] => Morshed
    [application_type] => 16
    [subject] => অনলাইন ভূমি উন্নয়ন কর এর আবেদনের জন্য
    [description] => অনলাইন ভূমি উন্নয়ন কর আবেদনের জন্য কলটি করেছিল 
    [email] => 
    [address] => 
    [division_bbs] => 3
    [district_bbs] => 13
    [upozila_bbs] => 49
    [application_code] => 
    [txtcontact_person_no] => 01771882876
    [nid] => 5076217693
    [dateOfBirth] => 1990-09-30
    [service_tag] => 3
)
Array
(
    [agent_id] => 100011
    [citizen_mobile] => 01771882876
    [citizen_name] => Morshed
    [application_type] => 16
    [subject] => অনলাইন ভূমি উন্নয়ন কর এর আবেদনের জন্য
    [description] => অনলাইন ভূমি উন্নয়ন কর আবেদনের জন্য কলটি করেছিল 
    [email] => 
    [address] => 
    [division_bbs] => 3
    [district_bbs] => 13
    [upozila_bbs] => 49
    [application_code] => 
    [txtcontact_person_no] => 01771882876
    [nid] => 5076217693
    [dateOfBirth] => 1990-09-30
    [service_tag] => 3
)
Array
(
    [agent_id] => 100011
    [citizen_mobile] => 01771882876
    [citizen_name] => Morshed
    [application_type] => 16
    [subject] => অনলাইন ভূমি উন্নয়ন কর এর আবেদনের জন্য
    [description] => অনলাইন ভূমি উন্নয়ন কর আবেদনের জন্য কলটি করেছিল 
    [email] => 
    [address] => 
    [division_bbs] => 3
    [district_bbs] => 13
    [upozila_bbs] => 49
    [application_code] => 
    [txtcontact_person_no] => 01771882876
    [nid] => 5076217693
    [dateOfBirth] => 1990-09-30
    [service_tag] => 3
)
Array
(
)
Array
(
    [agent_id] => 100011
    [citizen_mobile] => 01771882876
    [citizen_name] => Morshed
    [application_type] => 16
    [subject] => অনলাইন ভূমি উন্নয়ন কর এর আবেদনের জন্য
    [description] => অনলাইন ভূমি উন্নয়ন কর আবেদনের জন্য কলটি করেছিল 
    [email] => 
    [address] => 
    [division_bbs] => 3
    [district_bbs] => 13
    [upozila_bbs] => 49
    [application_code] => 
    [txtcontact_person_no] => 01771882876
    [nid] => 5076217693
    [dateOfBirth] => 1990-09-30
    [service_tag] => 3
)
Array
(
)
Array
(
)
Array
(
)
Array
(
)
Array
(
)
Array
(
)
Array
(
)
Array
(
)
Array
(
)
Array
(
)
Array
(
)
Array
(
)
Array
(
)
Array
(
)
Array
(
)
Array
(
    [agent_id] => 100011
    [citizen_mobile] => 01771882876
    [citizen_name] => Morshed
    [application_type] => 16
    [subject] => অনলাইন ভূমি উন্নয়ন কর এর আবেদনের জন্য
    [description] => অনলাইন ভূমি উন্নয়ন কর আবেদনের জন্য কলটি করেছিল 
    [email] => 
    [address] => 
    [division_bbs] => 3
    [district_bbs] => 13
    [upozila_bbs] => 49
    [application_code] => 
    [txtcontact_person_no] => 01771882876
    [nid] => 5076217693
    [dateOfBirth] => 1990-09-30
    [service_tag] => 3
)
Array
(
    [agent_id] => 100011
    [citizen_mobile] => 01771882876
    [citizen_name] => Morshed
    [application_type] => 16
    [subject] => অনলাইন ভূমি উন্নয়ন কর এর আবেদনের জন্য
    [description] => অনলাইন ভূমি উন্নয়ন কর আবেদনের জন্য কলটি করেছিল 
    [email] => 
    [address] => 
    [division_bbs] => 3
    [district_bbs] => 13
    [upozila_bbs] => 49
    [application_code] => 
    [txtcontact_person_no] => 01771882876
    [nid] => 5076217693
    [dateOfBirth] => 1990-09-30
    [service_tag] => 3
)
Array
(
    [agent_id] => 1
    [citizen_mobile] => 01771882876
    [citizen_name] => Morshed
    [application_type] => 16
    [subject] => অনলাইন ভূমি উন্নয়ন কর এর আবেদনের জন্য
    [description] => অনলাইন ভূমি উন্নয়ন কর আবেদনের জন্য কলটি করেছিল 
    [email] => 
    [address] => 
    [division_bbs] => 3
    [district_bbs] => 13
    [upozila_bbs] => 49
    [application_code] => 
    [txtcontact_person_no] => 01771882876
    [nid] => 
    [dateOfBirth] => 
    [service_tag] => 3
)
